2020-10-21 15:50:37 INFO Loading train data: boston-train.csv
2020-10-21 15:50:38 INFO Start training
2020-10-21 15:50:38 INFO Epoch: 0, MAE=171331.72
2020-10-21 15:50:38 INFO Epoch: 1, MAE=131866.68
2020-10-21 15:50:38 INFO Epoch: 2, MAE=118848.27
2020-10-21 15:50:38 INFO Epoch: 3, MAE=113370.27
2020-10-21 15:50:38 INFO Epoch: 4, MAE=110229.30
2020-10-21 15:50:38 INFO Epoch: 5, MAE=107917.06
2020-10-21 15:50:38 INFO Epoch: 6, MAE=105935.36
2020-10-21 15:50:38 INFO Epoch: 7, MAE=104134.54
2020-10-21 15:50:38 INFO Epoch: 8, MAE=102439.70
2020-10-21 15:50:38 INFO Epoch: 9, MAE=100819.63
2020-10-21 15:50:38 INFO Epoch: 10, MAE=99282.78
2020-10-21 15:50:38 INFO Epoch: 11, MAE=97800.19
2020-10-21 15:50:38 INFO Epoch: 12, MAE=96373.77
2020-10-21 15:50:38 INFO Epoch: 13, MAE=94989.71
2020-10-21 15:50:38 INFO Epoch: 14, MAE=93651.28
2020-10-21 15:50:38 INFO Epoch: 15, MAE=92368.61
2020-10-21 15:50:38 INFO Epoch: 16, MAE=91128.41
2020-10-21 15:50:38 INFO Epoch: 17, MAE=89936.22
2020-10-21 15:50:38 INFO Epoch: 18, MAE=88796.42
2020-10-21 15:50:38 INFO Epoch: 19, MAE=87722.70
2020-10-21 15:50:38 INFO Epoch: 20, MAE=86715.02
2020-10-21 15:50:38 INFO Epoch: 21, MAE=85782.02
2020-10-21 15:50:38 INFO Epoch: 22, MAE=84914.46
2020-10-21 15:50:38 INFO Epoch: 23, MAE=84081.64
2020-10-21 15:50:38 INFO Epoch: 24, MAE=83292.68
2020-10-21 15:50:38 INFO Epoch: 25, MAE=82540.65
2020-10-21 15:50:38 INFO Epoch: 26, MAE=81828.79
2020-10-21 15:50:38 INFO Epoch: 27, MAE=81142.30
2020-10-21 15:50:38 INFO Epoch: 28, MAE=80479.91
2020-10-21 15:50:38 INFO Epoch: 29, MAE=79853.22
2020-10-21 15:50:38 INFO Epoch: 30, MAE=79254.18
2020-10-21 15:50:38 INFO Epoch: 31, MAE=78685.18
2020-10-21 15:50:38 INFO Epoch: 32, MAE=78146.71
2020-10-21 15:50:38 INFO Epoch: 33, MAE=77623.94
2020-10-21 15:50:38 INFO Epoch: 34, MAE=77125.20
2020-10-21 15:50:38 INFO Epoch: 35, MAE=76648.67
2020-10-21 15:50:38 INFO Epoch: 36, MAE=76188.84
2020-10-21 15:50:38 INFO Epoch: 37, MAE=75744.26
2020-10-21 15:50:38 INFO Epoch: 38, MAE=75322.43
2020-10-21 15:50:38 INFO Epoch: 39, MAE=74930.79
2020-10-21 15:50:38 INFO Epoch: 40, MAE=74558.43
2020-10-21 15:50:38 INFO Epoch: 41, MAE=74204.31
2020-10-21 15:50:38 INFO Epoch: 42, MAE=73861.78
2020-10-21 15:50:38 INFO Epoch: 43, MAE=73535.40
2020-10-21 15:50:38 INFO Epoch: 44, MAE=73220.17
2020-10-21 15:50:38 INFO Epoch: 45, MAE=72914.58
2020-10-21 15:50:38 INFO Epoch: 46, MAE=72624.32
2020-10-21 15:50:38 INFO Epoch: 47, MAE=72342.46
2020-10-21 15:50:38 INFO Epoch: 48, MAE=72070.29
2020-10-21 15:50:38 INFO Epoch: 49, MAE=71806.96
2020-10-21 15:50:38 INFO Epoch: 50, MAE=71558.33
2020-10-21 15:50:38 INFO Epoch: 51, MAE=71323.01
2020-10-21 15:50:38 INFO Epoch: 52, MAE=71103.39
2020-10-21 15:50:38 INFO Epoch: 53, MAE=70890.40
2020-10-21 15:50:38 INFO Epoch: 54, MAE=70685.16
2020-10-21 15:50:38 INFO Epoch: 55, MAE=70489.49
2020-10-21 15:50:38 INFO Epoch: 56, MAE=70300.18
2020-10-21 15:50:38 INFO Epoch: 57, MAE=70117.40
2020-10-21 15:50:38 INFO Epoch: 58, MAE=69940.17
2020-10-21 15:50:38 INFO Epoch: 59, MAE=69768.24
2020-10-21 15:50:38 INFO Epoch: 60, MAE=69602.23
2020-10-21 15:50:38 INFO Epoch: 61, MAE=69440.88
2020-10-21 15:50:38 INFO Epoch: 62, MAE=69284.05
2020-10-21 15:50:38 INFO Epoch: 63, MAE=69134.31
2020-10-21 15:50:38 INFO Epoch: 64, MAE=68991.58
2020-10-21 15:50:38 INFO Epoch: 65, MAE=68855.91
2020-10-21 15:50:38 INFO Epoch: 66, MAE=68724.05
2020-10-21 15:50:38 INFO Epoch: 67, MAE=68596.04
2020-10-21 15:50:38 INFO Epoch: 68, MAE=68475.18
2020-10-21 15:50:38 INFO Epoch: 69, MAE=68358.15
2020-10-21 15:50:38 INFO Epoch: 70, MAE=68248.08
2020-10-21 15:50:38 INFO Epoch: 71, MAE=68143.12
2020-10-21 15:50:38 INFO Epoch: 72, MAE=68044.66
2020-10-21 15:50:38 INFO Epoch: 73, MAE=67949.02
2020-10-21 15:50:38 INFO Epoch: 74, MAE=67856.07
2020-10-21 15:50:38 INFO Epoch: 75, MAE=67769.71
2020-10-21 15:50:38 INFO Epoch: 76, MAE=67687.34
2020-10-21 15:50:38 INFO Epoch: 77, MAE=67607.80
2020-10-21 15:50:38 INFO Epoch: 78, MAE=67533.27
2020-10-21 15:50:38 INFO Epoch: 79, MAE=67463.03
2020-10-21 15:50:38 INFO Epoch: 80, MAE=67395.21
2020-10-21 15:50:38 INFO Epoch: 81, MAE=67329.29
2020-10-21 15:50:38 INFO Epoch: 82, MAE=67265.22
2020-10-21 15:50:38 INFO Epoch: 83, MAE=67202.94
2020-10-21 15:50:38 INFO Epoch: 84, MAE=67142.41
2020-10-21 15:50:38 INFO Epoch: 85, MAE=67083.58
2020-10-21 15:50:38 INFO Epoch: 86, MAE=67026.96
2020-10-21 15:50:38 INFO Epoch: 87, MAE=66972.59
2020-10-21 15:50:38 INFO Epoch: 88, MAE=66919.92
2020-10-21 15:50:38 INFO Epoch: 89, MAE=66869.25
2020-10-21 15:50:38 INFO Epoch: 90, MAE=66820.01
2020-10-21 15:50:38 INFO Epoch: 91, MAE=66772.14
2020-10-21 15:50:38 INFO Epoch: 92, MAE=66726.79
2020-10-21 15:50:38 INFO Epoch: 93, MAE=66683.22
2020-10-21 15:50:38 INFO Epoch: 94, MAE=66640.87
2020-10-21 15:50:38 INFO Epoch: 95, MAE=66599.71
2020-10-21 15:50:38 INFO Epoch: 96, MAE=66559.70
2020-10-21 15:50:38 INFO Epoch: 97, MAE=66520.82
2020-10-21 15:50:38 INFO Epoch: 98, MAE=66483.02
2020-10-21 15:50:38 INFO Epoch: 99, MAE=66446.29
2020-10-21 15:50:38 INFO MAE train: 66446.29
2020-10-21 15:50:38 INFO Loading validation data: boston-test.csv
2020-10-21 15:50:38 INFO MAE test: 92548.80
